<?xml version="1.0" encoding="UTF-8"?>
<testng-results skipped="0" failed="0" ignored="0" total="1" passed="1">
  <reporter-output>
  </reporter-output>
  <suite name="Default suite" duration-ms="8997" started-at="2020-01-06T08:26:49Z" finished-at="2020-01-06T08:26:58Z">
    <groups>
      <group name="cucumber">
        <method signature="AbstractTestNGCucumberTests.runScenario(cucumber.api.testng.PickleEventWrapper, cucumber.api.testng.CucumberFeatureWrapper)[pri:0, instance:com.fab.testcases.TC001_Login@4b4523f8]" name="runScenario" class="cucumber.api.testng.AbstractTestNGCucumberTests"/>
      </group> <!-- cucumber -->
    </groups>
    <test name="Default test" duration-ms="8997" started-at="2020-01-06T08:26:49Z" finished-at="2020-01-06T08:26:58Z">
      <class name="com.fab.testcases.TC001_Login">
        <test-method status="PASS" signature="startReport()[pri:0, instance:com.fab.testcases.TC001_Login@4b4523f8]" name="startReport" is-config="true" duration-ms="184" started-at="2020-01-06T08:26:49Z" finished-at="2020-01-06T08:26:49Z">
          <reporter-output>
          </reporter-output>
        </test-method> <!-- startReport -->
        <test-method status="PASS" signature="setData()[pri:0, instance:com.fab.testcases.TC001_Login@4b4523f8]" name="setData" is-config="true" duration-ms="0" started-at="2020-01-06T08:26:49Z" finished-at="2020-01-06T08:26:49Z">
          <reporter-output>
          </reporter-output>
        </test-method> <!-- setData -->
        <test-method status="PASS" signature="setUpClass()[pri:0, instance:com.fab.testcases.TC001_Login@4b4523f8]" name="setUpClass" is-config="true" duration-ms="131" started-at="2020-01-06T08:26:49Z" finished-at="2020-01-06T08:26:49Z">
          <reporter-output>
          </reporter-output>
        </test-method> <!-- setUpClass -->
        <test-method status="PASS" signature="report()[pri:0, instance:com.fab.testcases.TC001_Login@4b4523f8]" name="report" is-config="true" duration-ms="0" started-at="2020-01-06T08:26:49Z" finished-at="2020-01-06T08:26:49Z">
          <reporter-output>
          </reporter-output>
        </test-method> <!-- report -->
        <test-method status="PASS" signature="beforeMethod()[pri:0, instance:com.fab.testcases.TC001_Login@4b4523f8]" name="beforeMethod" is-config="true" duration-ms="6088" started-at="2020-01-06T08:26:49Z" finished-at="2020-01-06T08:26:55Z">
          <reporter-output>
          </reporter-output>
        </test-method> <!-- beforeMethod -->
        <test-method status="PASS" signature="login()[pri:0, instance:com.fab.testcases.TC001_Login@4b4523f8]" name="login" duration-ms="2151" started-at="2020-01-06T08:26:55Z" finished-at="2020-01-06T08:26:58Z">
          <reporter-output>
          </reporter-output>
        </test-method> <!-- login -->
        <test-method status="PASS" signature="afterMethod()[pri:0, instance:com.fab.testcases.TC001_Login@4b4523f8]" name="afterMethod" is-config="true" duration-ms="569" started-at="2020-01-06T08:26:58Z" finished-at="2020-01-06T08:26:58Z">
          <reporter-output>
          </reporter-output>
        </test-method> <!-- afterMethod -->
        <test-method status="PASS" signature="tearDownClass()[pri:0, instance:com.fab.testcases.TC001_Login@4b4523f8]" name="tearDownClass" is-config="true" duration-ms="5" started-at="2020-01-06T08:26:58Z" finished-at="2020-01-06T08:26:58Z">
          <reporter-output>
          </reporter-output>
        </test-method> <!-- tearDownClass -->
        <test-method status="PASS" signature="stopReport()[pri:0, instance:com.fab.testcases.TC001_Login@4b4523f8]" name="stopReport" is-config="true" duration-ms="636" started-at="2020-01-06T08:26:58Z" finished-at="2020-01-06T08:26:59Z">
          <reporter-output>
          </reporter-output>
        </test-method> <!-- stopReport -->
      </class> <!-- com.fab.testcases.TC001_Login -->
    </test> <!-- Default test -->
  </suite> <!-- Default suite -->
</testng-results>
