<?xml version="1.0" encoding="UTF-8"?>
<testng-results skipped="0" failed="0" ignored="0" total="1" passed="1">
  <reporter-output>
  </reporter-output>
  <suite name="Suite" duration-ms="11164" started-at="2020-01-06T07:47:01Z" finished-at="2020-01-06T07:47:12Z">
    <groups>
      <group name="cucumber">
        <method signature="AbstractTestNGCucumberTests.runScenario(cucumber.api.testng.PickleEventWrapper, cucumber.api.testng.CucumberFeatureWrapper)[pri:0, instance:com.fab.testcases.TC001_Login@d706f19]" name="runScenario" class="cucumber.api.testng.AbstractTestNGCucumberTests"/>
      </group> <!-- cucumber -->
    </groups>
    <test name="Test" duration-ms="11164" started-at="2020-01-06T07:47:01Z" finished-at="2020-01-06T07:47:12Z">
      <class name="com.fab.testcases.TC001_Login">
        <test-method status="PASS" signature="startReport()[pri:0, instance:com.fab.testcases.TC001_Login@d706f19]" name="startReport" is-config="true" duration-ms="189" started-at="2020-01-06T07:47:01Z" finished-at="2020-01-06T07:47:01Z">
          <reporter-output>
          </reporter-output>
        </test-method> <!-- startReport -->
        <test-method status="PASS" signature="setData()[pri:0, instance:com.fab.testcases.TC001_Login@d706f19]" name="setData" is-config="true" duration-ms="0" started-at="2020-01-06T07:47:01Z" finished-at="2020-01-06T07:47:01Z">
          <reporter-output>
          </reporter-output>
        </test-method> <!-- setData -->
        <test-method status="PASS" signature="setUpClass()[pri:0, instance:com.fab.testcases.TC001_Login@d706f19]" name="setUpClass" is-config="true" duration-ms="147" started-at="2020-01-06T07:47:01Z" finished-at="2020-01-06T07:47:01Z">
          <reporter-output>
          </reporter-output>
        </test-method> <!-- setUpClass -->
        <test-method status="PASS" signature="report()[pri:0, instance:com.fab.testcases.TC001_Login@d706f19]" name="report" is-config="true" duration-ms="16" started-at="2020-01-06T07:47:01Z" finished-at="2020-01-06T07:47:01Z">
          <reporter-output>
          </reporter-output>
        </test-method> <!-- report -->
        <test-method status="PASS" signature="beforeMethod()[pri:0, instance:com.fab.testcases.TC001_Login@d706f19]" name="beforeMethod" is-config="true" duration-ms="7364" started-at="2020-01-06T07:47:01Z" finished-at="2020-01-06T07:47:09Z">
          <reporter-output>
          </reporter-output>
        </test-method> <!-- beforeMethod -->
        <test-method status="PASS" signature="createLead()[pri:0, instance:com.fab.testcases.TC001_Login@d706f19]" name="createLead" duration-ms="3216" started-at="2020-01-06T07:47:09Z" finished-at="2020-01-06T07:47:12Z">
          <reporter-output>
          </reporter-output>
        </test-method> <!-- createLead -->
        <test-method status="PASS" signature="afterMethod()[pri:0, instance:com.fab.testcases.TC001_Login@d706f19]" name="afterMethod" is-config="true" duration-ms="359" started-at="2020-01-06T07:47:12Z" finished-at="2020-01-06T07:47:12Z">
          <reporter-output>
          </reporter-output>
        </test-method> <!-- afterMethod -->
        <test-method status="PASS" signature="tearDownClass()[pri:0, instance:com.fab.testcases.TC001_Login@d706f19]" name="tearDownClass" is-config="true" duration-ms="8" started-at="2020-01-06T07:47:12Z" finished-at="2020-01-06T07:47:12Z">
          <reporter-output>
          </reporter-output>
        </test-method> <!-- tearDownClass -->
        <test-method status="PASS" signature="stopReport()[pri:0, instance:com.fab.testcases.TC001_Login@d706f19]" name="stopReport" is-config="true" duration-ms="832" started-at="2020-01-06T07:47:12Z" finished-at="2020-01-06T07:47:13Z">
          <reporter-output>
          </reporter-output>
        </test-method> <!-- stopReport -->
      </class> <!-- com.fab.testcases.TC001_Login -->
    </test> <!-- Test -->
  </suite> <!-- Suite -->
</testng-results>
